<?xml version="1.0" encoding="UTF-8"?>
<testng-results ignored="0" total="3" passed="3" failed="0" skipped="0">
  <reporter-output>
  </reporter-output>
  <suite started-at="2022-11-09T22:59:08 IST" name="Default suite" finished-at="2022-11-09T22:59:08 IST" duration-ms="50">
    <groups>
    </groups>
    <test started-at="2022-11-09T22:59:08 IST" name="Default test" finished-at="2022-11-09T22:59:08 IST" duration-ms="50">
      <class name="TestNGPractice.PriorityAttribute">
        <test-method signature="cloginTest()[pri:1, instance:TestNGPractice.PriorityAttribute@a3d8174]" started-at="2022-11-09T22:59:08 IST" name="cloginTest" finished-at="2022-11-09T22:59:08 IST" duration-ms="7" status="PASS">
          <reporter-output>
          </reporter-output>
        </test-method> <!-- cloginTest -->
        <test-method signature="bregisterTest()[pri:2, instance:TestNGPractice.PriorityAttribute@a3d8174]" started-at="2022-11-09T22:59:08 IST" name="bregisterTest" finished-at="2022-11-09T22:59:08 IST" duration-ms="1" status="PASS">
          <reporter-output>
          </reporter-output>
        </test-method> <!-- bregisterTest -->
        <test-method signature="alogoutTest()[pri:3, instance:TestNGPractice.PriorityAttribute@a3d8174]" started-at="2022-11-09T22:59:08 IST" name="alogoutTest" finished-at="2022-11-09T22:59:08 IST" duration-ms="1" status="PASS">
          <reporter-output>
          </reporter-output>
        </test-method> <!-- alogoutTest -->
      </class> <!-- TestNGPractice.PriorityAttribute -->
    </test> <!-- Default test -->
  </suite> <!-- Default suite -->
</testng-results>
