<?xml version="1.0" encoding="UTF-8"?>
<!-- Generated by org.testng.reporters.JUnitXMLReporter -->
<testsuite ignored="0" hostname="XOR-BSA-39" failures="0" tests="3" name="Default test" time="21.504" errors="0" timestamp="2022-11-15T22:56:16 IST">
  <testcase classname="TestNGPractice.Login_Page_Test" name="login" time="0.732"/>
  <testcase classname="TestNGPractice.Login_Page_Test" name="verifyUser" time="0.023"/>
  <testcase classname="TestNGPractice.Login_Page_Test" name="logout" time="10.471"/>
</testsuite> <!-- Default test -->
