<?xml version="1.0" encoding="UTF-8"?>
<!-- Generated by org.testng.reporters.JUnitXMLReporter -->
<testsuite ignored="0" hostname="Priyal-VA" failures="0" tests="3" name="Default test" time="0.045" errors="0" timestamp="2022-11-09T22:06:07 IST">
  <testcase classname="TestNGPractice.PriorityAttribute" name="cloginTest" time="0.011"/>
  <testcase classname="TestNGPractice.PriorityAttribute" name="bregisterTest" time="0.0"/>
  <testcase classname="TestNGPractice.PriorityAttribute" name="alogoutTest" time="0.001"/>
</testsuite> <!-- Default test -->
